{"D:\\tools\\my-chat\\config\\index.js": {"path":"D:\\tools\\my-chat\\config\\index.js","statementMap":{"0":{"start":{"line":5,"column":13},"end":{"line":5,"column":34}},"1":{"start":{"line":10,"column":21},"end":{"line":39,"column":1}},"2":{"start":{"line":13,"column":15},"end":{"line":13,"column":58}},"3":{"start":{"line":15,"column":4},"end":{"line":25,"column":5}},"4":{"start":{"line":16,"column":23},"end":{"line":16,"column":44}},"5":{"start":{"line":17,"column":6},"end":{"line":24,"column":7}},"6":{"start":{"line":19,"column":8},"end":{"line":21,"column":9}},"7":{"start":{"line":20,"column":10},"end":{"line":20,"column":33}},"8":{"start":{"line":22,"column":13},"end":{"line":24,"column":7}},"9":{"start":{"line":23,"column":8},"end":{"line":23,"column":32}},"10":{"start":{"line":26,"column":4},"end":{"line":26,"column":16}},"11":{"start":{"line":31,"column":4},"end":{"line":33,"column":5}},"12":{"start":{"line":32,"column":6},"end":{"line":32,"column":18}},"13":{"start":{"line":34,"column":4},"end":{"line":34,"column":17}},"14":{"start":{"line":44,"column":22},"end":{"line":50,"column":1}},"15":{"start":{"line":55,"column":22},"end":{"line":64,"column":1}},"16":{"start":{"line":69,"column":18},"end":{"line":72,"column":1}},"17":{"start":{"line":77,"column":24},"end":{"line":83,"column":1}},"18":{"start":{"line":88,"column":21},"end":{"line":93,"column":1}},"19":{"start":{"line":96,"column":0},"end":{"line":103,"column":2}}},"fnMap":{"0":{"name":"(anonymous_0)","decl":{"start":{"line":12,"column":9},"end":{"line":12,"column":10}},"loc":{"start":{"line":12,"column":15},"end":{"line":27,"column":3}},"line":12},"1":{"name":"(anonymous_1)","decl":{"start":{"line":30,"column":16},"end":{"line":30,"column":17}},"loc":{"start":{"line":30,"column":22},"end":{"line":35,"column":3}},"line":30}},"branchMap":{"0":{"loc":{"start":{"line":13,"column":22},"end":{"line":13,"column":57}},"type":"binary-expr","locations":[{"start":{"line":13,"column":22},"end":{"line":13,"column":49}},{"start":{"line":13,"column":53},"end":{"line":13,"column":57}}],"line":13},"1":{"loc":{"start":{"line":15,"column":4},"end":{"line":25,"column":5}},"type":"if","locations":[{"start":{"line":15,"column":4},"end":{"line":25,"column":5}},{"start":{},"end":{}}],"line":15},"2":{"loc":{"start":{"line":17,"column":6},"end":{"line":24,"column":7}},"type":"if","locations":[{"start":{"line":17,"column":6},"end":{"line":24,"column":7}},{"start":{"line":22,"column":13},"end":{"line":24,"column":7}}],"line":17},"3":{"loc":{"start":{"line":19,"column":8},"end":{"line":21,"column":9}},"type":"if","locations":[{"start":{"line":19,"column":8},"end":{"line":21,"column":9}},{"start":{},"end":{}}],"line":19},"4":{"loc":{"start":{"line":19,"column":12},"end":{"line":19,"column":54}},"type":"binary-expr","locations":[{"start":{"line":19,"column":12},"end":{"line":19,"column":27}},{"start":{"line":19,"column":31},"end":{"line":19,"column":54}}],"line":19},"5":{"loc":{"start":{"line":22,"column":13},"end":{"line":24,"column":7}},"type":"if","locations":[{"start":{"line":22,"column":13},"end":{"line":24,"column":7}},{"start":{},"end":{}}],"line":22},"6":{"loc":{"start":{"line":31,"column":4},"end":{"line":33,"column":5}},"type":"if","locations":[{"start":{"line":31,"column":4},"end":{"line":33,"column":5}},{"start":{},"end":{}}],"line":31},"7":{"loc":{"start":{"line":31,"column":8},"end":{"line":31,"column":60}},"type":"binary-expr","locations":[{"start":{"line":31,"column":8},"end":{"line":31,"column":23}},{"start":{"line":31,"column":27},"end":{"line":31,"column":60}}],"line":31},"8":{"loc":{"start":{"line":38,"column":18},"end":{"line":38,"column":53}},"type":"binary-expr","locations":[{"start":{"line":38,"column":18},"end":{"line":38,"column":45}},{"start":{"line":38,"column":49},"end":{"line":38,"column":53}}],"line":38},"9":{"loc":{"start":{"line":46,"column":24},"end":{"line":46,"column":63}},"type":"binary-expr","locations":[{"start":{"line":46,"column":24},"end":{"line":46,"column":58}},{"start":{"line":46,"column":62},"end":{"line":46,"column":63}}],"line":46}},"s":{"0":2,"1":2,"2":2,"3":2,"4":0,"5":0,"6":0,"7":0,"8":0,"9":0,"10":2,"11":2,"12":0,"13":2,"14":2,"15":2,"16":2,"17":2,"18":2,"19":2},"f":{"0":2,"1":2},"b":{"0":[2,1],"1":[0,2],"2":[0,0],"3":[0,0],"4":[0,0],"5":[0,0],"6":[0,2],"7":[2,0],"8":[2,2],"9":[2,2]},"_coverageSchema":"1a1c01bbd47fc00a2c39e90264f33305004495a9","hash":"d8b30fdb9f15690be9a941944a5415c42e5e40a4"}
,"D:\\tools\\my-chat\\services\\healthReporter.js": {"path":"D:\\tools\\my-chat\\services\\healthReporter.js","statementMap":{"0":{"start":{"line":4,"column":11},"end":{"line":4,"column":24}},"1":{"start":{"line":17,"column":19},"end":{"line":17,"column":40}},"2":{"start":{"line":18,"column":19},"end":{"line":18,"column":32}},"3":{"start":{"line":19,"column":18},"end":{"line":19,"column":30}},"4":{"start":{"line":20,"column":18},"end":{"line":20,"column":36}},"5":{"start":{"line":21,"column":26},"end":{"line":21,"column":44}},"6":{"start":{"line":24,"column":18},"end":{"line":24,"column":45}},"7":{"start":{"line":27,"column":26},"end":{"line":27,"column":49}},"8":{"start":{"line":30,"column":22},"end":{"line":30,"column":48}},"9":{"start":{"line":33,"column":23},"end":{"line":33,"column":40}},"10":{"start":{"line":35,"column":2},"end":{"line":61,"column":4}},"11":{"start":{"line":64,"column":0},"end":{"line":66,"column":2}}},"fnMap":{"0":{"name":"buildHealthSnapshot","decl":{"start":{"line":15,"column":15},"end":{"line":15,"column":34}},"loc":{"start":{"line":15,"column":75},"end":{"line":62,"column":1}},"line":15}},"branchMap":{"0":{"loc":{"start":{"line":50,"column":13},"end":{"line":50,"column":43}},"type":"cond-expr","locations":[{"start":{"line":50,"column":25},"end":{"line":50,"column":39}},{"start":{"line":50,"column":42},"end":{"line":50,"column":43}}],"line":50}},"s":{"0":0,"1":0,"2":0,"3":0,"4":0,"5":0,"6":0,"7":0,"8":0,"9":0,"10":0,"11":0},"f":{"0":0},"b":{"0":[0,0]}}
,"D:\\tools\\my-chat\\services\\messageService.js": {"path":"D:\\tools\\my-chat\\services\\messageService.js","statementMap":{"0":{"start":{"line":10,"column":2},"end":{"line":10,"column":54}},"1":{"start":{"line":10,"column":41},"end":{"line":10,"column":54}},"2":{"start":{"line":12,"column":18},"end":{"line":12,"column":29}},"3":{"start":{"line":13,"column":2},"end":{"line":13,"column":33}},"4":{"start":{"line":30,"column":26},"end":{"line":30,"column":64}},"5":{"start":{"line":33,"column":18},"end":{"line":40,"column":4}},"6":{"start":{"line":42,"column":2},"end":{"line":42,"column":17}},"7":{"start":{"line":53,"column":2},"end":{"line":53,"column":51}},"8":{"start":{"line":56,"column":0},"end":{"line":60,"column":2}}},"fnMap":{"0":{"name":"detectHighlight","decl":{"start":{"line":9,"column":9},"end":{"line":9,"column":24}},"loc":{"start":{"line":9,"column":31},"end":{"line":14,"column":1}},"line":9},"1":{"name":"saveMessage","decl":{"start":{"line":28,"column":15},"end":{"line":28,"column":26}},"loc":{"start":{"line":28,"column":117},"end":{"line":43,"column":1}},"line":28},"2":{"name":"getRecentMessages","decl":{"start":{"line":52,"column":15},"end":{"line":52,"column":32}},"loc":{"start":{"line":52,"column":57},"end":{"line":54,"column":1}},"line":52}},"branchMap":{"0":{"loc":{"start":{"line":10,"column":2},"end":{"line":10,"column":54}},"type":"if","locations":[{"start":{"line":10,"column":2},"end":{"line":10,"column":54}},{"start":{},"end":{}}],"line":10},"1":{"loc":{"start":{"line":10,"column":6},"end":{"line":10,"column":39}},"type":"binary-expr","locations":[{"start":{"line":10,"column":6},"end":{"line":10,"column":11}},{"start":{"line":10,"column":15},"end":{"line":10,"column":39}}],"line":10},"2":{"loc":{"start":{"line":28,"column":68},"end":{"line":28,"column":90}},"type":"default-arg","locations":[{"start":{"line":28,"column":86},"end":{"line":28,"column":90}}],"line":28},"3":{"loc":{"start":{"line":28,"column":92},"end":{"line":28,"column":113}},"type":"default-arg","locations":[{"start":{"line":28,"column":108},"end":{"line":28,"column":113}}],"line":28},"4":{"loc":{"start":{"line":30,"column":26},"end":{"line":30,"column":64}},"type":"binary-expr","locations":[{"start":{"line":30,"column":26},"end":{"line":30,"column":39}},{"start":{"line":30,"column":43},"end":{"line":30,"column":64}}],"line":30},"5":{"loc":{"start":{"line":52,"column":45},"end":{"line":52,"column":55}},"type":"default-arg","locations":[{"start":{"line":52,"column":53},"end":{"line":52,"column":55}}],"line":52}},"s":{"0":17,"1":6,"2":11,"3":11,"4":5,"5":5,"6":5,"7":3,"8":1},"f":{"0":17,"1":5,"2":3},"b":{"0":[6,11],"1":[17,14],"2":[4],"3":[2],"4":[5,4],"5":[2]},"_coverageSchema":"1a1c01bbd47fc00a2c39e90264f33305004495a9","hash":"9193da3cf805faf0b0065b39ed93c4c65d2e549f"}
,"D:\\tools\\my-chat\\services\\rateLimiter.js": {"path":"D:\\tools\\my-chat\\services\\rateLimiter.js","statementMap":{"0":{"start":{"line":21,"column":15},"end":{"line":21,"column":35}},"1":{"start":{"line":24,"column":27},"end":{"line":24,"column":36}},"2":{"start":{"line":31,"column":2},"end":{"line":31,"column":39}},"3":{"start":{"line":39,"column":2},"end":{"line":39,"column":38}},"4":{"start":{"line":57,"column":14},"end":{"line":57,"column":24}},"5":{"start":{"line":58,"column":23},"end":{"line":58,"column":61}},"6":{"start":{"line":61,"column":22},"end":{"line":61,"column":87}},"7":{"start":{"line":61,"column":50},"end":{"line":61,"column":86}},"8":{"start":{"line":64,"column":2},"end":{"line":69,"column":3}},"9":{"start":{"line":65,"column":4},"end":{"line":68,"column":6}},"10":{"start":{"line":72,"column":2},"end":{"line":72,"column":24}},"11":{"start":{"line":73,"column":2},"end":{"line":73,"column":48}},"12":{"start":{"line":75,"column":2},"end":{"line":75,"column":27}},"13":{"start":{"line":78,"column":0},"end":{"line":82,"column":2}}},"fnMap":{"0":{"name":"initSocket","decl":{"start":{"line":30,"column":9},"end":{"line":30,"column":19}},"loc":{"start":{"line":30,"column":30},"end":{"line":32,"column":1}},"line":30},"1":{"name":"cleanupSocket","decl":{"start":{"line":38,"column":9},"end":{"line":38,"column":22}},"loc":{"start":{"line":38,"column":33},"end":{"line":40,"column":1}},"line":38},"2":{"name":"checkRateLimit","decl":{"start":{"line":56,"column":9},"end":{"line":56,"column":23}},"loc":{"start":{"line":56,"column":34},"end":{"line":76,"column":1}},"line":56},"3":{"name":"(anonymous_3)","decl":{"start":{"line":61,"column":42},"end":{"line":61,"column":43}},"loc":{"start":{"line":61,"column":50},"end":{"line":61,"column":86}},"line":61}},"branchMap":{"0":{"loc":{"start":{"line":58,"column":23},"end":{"line":58,"column":61}},"type":"binary-expr","locations":[{"start":{"line":58,"column":23},"end":{"line":58,"column":55}},{"start":{"line":58,"column":59},"end":{"line":58,"column":61}}],"line":58},"1":{"loc":{"start":{"line":64,"column":2},"end":{"line":69,"column":3}},"type":"if","locations":[{"start":{"line":64,"column":2},"end":{"line":69,"column":3}},{"start":{},"end":{}}],"line":64}},"s":{"0":1,"1":1,"2":8,"3":9,"4":34,"5":34,"6":34,"7":71,"8":34,"9":2,"10":32,"11":32,"12":32,"13":1},"f":{"0":8,"1":9,"2":34,"3":71},"b":{"0":[34,1],"1":[2,32]},"_coverageSchema":"1a1c01bbd47fc00a2c39e90264f33305004495a9","hash":"3d69371a44523b54786d94cfd236ea7c66fb56b7"}
,"D:\\tools\\my-chat\\services\\roomState.js": {"path":"D:\\tools\\my-chat\\services\\roomState.js","statementMap":{"0":{"start":{"line":5,"column":22},"end":{"line":5,"column":31}},"1":{"start":{"line":13,"column":19},"end":{"line":13,"column":57}},"2":{"start":{"line":14,"column":2},"end":{"line":14,"column":39}},"3":{"start":{"line":22,"column":2},"end":{"line":22,"column":23}},"4":{"start":{"line":32,"column":19},"end":{"line":32,"column":57}},"5":{"start":{"line":33,"column":2},"end":{"line":33,"column":35}},"6":{"start":{"line":34,"column":2},"end":{"line":34,"column":38}},"7":{"start":{"line":45,"column":2},"end":{"line":45,"column":28}},"8":{"start":{"line":45,"column":15},"end":{"line":45,"column":28}},"9":{"start":{"line":46,"column":19},"end":{"line":46,"column":44}},"10":{"start":{"line":47,"column":2},"end":{"line":63,"column":3}},"11":{"start":{"line":48,"column":4},"end":{"line":48,"column":30}},"12":{"start":{"line":49,"column":4},"end":{"line":61,"column":5}},"13":{"start":{"line":50,"column":6},"end":{"line":50,"column":35}},"14":{"start":{"line":52,"column":6},"end":{"line":60,"column":11}},"15":{"start":{"line":53,"column":8},"end":{"line":59,"column":9}},"16":{"start":{"line":54,"column":10},"end":{"line":54,"column":48}},"17":{"start":{"line":55,"column":10},"end":{"line":55,"column":80}},"18":{"start":{"line":56,"column":10},"end":{"line":56,"column":105}},"19":{"start":{"line":58,"column":10},"end":{"line":58,"column":70}},"20":{"start":{"line":62,"column":4},"end":{"line":62,"column":16}},"21":{"start":{"line":64,"column":2},"end":{"line":64,"column":15}},"22":{"start":{"line":74,"column":19},"end":{"line":74,"column":44}},"23":{"start":{"line":75,"column":2},"end":{"line":75,"column":29}},"24":{"start":{"line":75,"column":17},"end":{"line":75,"column":29}},"25":{"start":{"line":77,"column":2},"end":{"line":81,"column":3}},"26":{"start":{"line":78,"column":4},"end":{"line":80,"column":5}},"27":{"start":{"line":79,"column":6},"end":{"line":79,"column":22}},"28":{"start":{"line":82,"column":2},"end":{"line":82,"column":14}},"29":{"start":{"line":91,"column":2},"end":{"line":91,"column":43}},"30":{"start":{"line":100,"column":2},"end":{"line":100,"column":35}},"31":{"start":{"line":108,"column":2},"end":{"line":108,"column":28}},"32":{"start":{"line":111,"column":0},"end":{"line":120,"column":2}}},"fnMap":{"0":{"name":"getUsers","decl":{"start":{"line":12,"column":9},"end":{"line":12,"column":17}},"loc":{"start":{"line":12,"column":26},"end":{"line":15,"column":1}},"line":12},"1":{"name":"getSnapshot","decl":{"start":{"line":21,"column":9},"end":{"line":21,"column":20}},"loc":{"start":{"line":21,"column":23},"end":{"line":23,"column":1}},"line":21},"2":{"name":"addUser","decl":{"start":{"line":31,"column":9},"end":{"line":31,"column":16}},"loc":{"start":{"line":31,"column":45},"end":{"line":35,"column":1}},"line":31},"3":{"name":"removeUserImmediate","decl":{"start":{"line":44,"column":9},"end":{"line":44,"column":28}},"loc":{"start":{"line":44,"column":51},"end":{"line":65,"column":1}},"line":44},"4":{"name":"(anonymous_4)","decl":{"start":{"line":52,"column":7},"end":{"line":52,"column":8}},"loc":{"start":{"line":52,"column":19},"end":{"line":60,"column":7}},"line":52},"5":{"name":"findSocketIdByNickname","decl":{"start":{"line":73,"column":9},"end":{"line":73,"column":31}},"loc":{"start":{"line":73,"column":50},"end":{"line":83,"column":1}},"line":73},"6":{"name":"getUsersMap","decl":{"start":{"line":90,"column":9},"end":{"line":90,"column":20}},"loc":{"start":{"line":90,"column":29},"end":{"line":92,"column":1}},"line":90},"7":{"name":"hasRoom","decl":{"start":{"line":99,"column":9},"end":{"line":99,"column":16}},"loc":{"start":{"line":99,"column":25},"end":{"line":101,"column":1}},"line":99},"8":{"name":"getRoomCount","decl":{"start":{"line":107,"column":9},"end":{"line":107,"column":21}},"loc":{"start":{"line":107,"column":24},"end":{"line":109,"column":1}},"line":107}},"branchMap":{"0":{"loc":{"start":{"line":13,"column":19},"end":{"line":13,"column":57}},"type":"binary-expr","locations":[{"start":{"line":13,"column":19},"end":{"line":13,"column":44}},{"start":{"line":13,"column":48},"end":{"line":13,"column":57}}],"line":13},"1":{"loc":{"start":{"line":32,"column":19},"end":{"line":32,"column":57}},"type":"binary-expr","locations":[{"start":{"line":32,"column":19},"end":{"line":32,"column":44}},{"start":{"line":32,"column":48},"end":{"line":32,"column":57}}],"line":32},"2":{"loc":{"start":{"line":45,"column":2},"end":{"line":45,"column":28}},"type":"if","locations":[{"start":{"line":45,"column":2},"end":{"line":45,"column":28}},{"start":{},"end":{}}],"line":45},"3":{"loc":{"start":{"line":47,"column":2},"end":{"line":63,"column":3}},"type":"if","locations":[{"start":{"line":47,"column":2},"end":{"line":63,"column":3}},{"start":{},"end":{}}],"line":47},"4":{"loc":{"start":{"line":47,"column":6},"end":{"line":47,"column":40}},"type":"binary-expr","locations":[{"start":{"line":47,"column":6},"end":{"line":47,"column":14}},{"start":{"line":47,"column":18},"end":{"line":47,"column":40}}],"line":47},"5":{"loc":{"start":{"line":49,"column":4},"end":{"line":61,"column":5}},"type":"if","locations":[{"start":{"line":49,"column":4},"end":{"line":61,"column":5}},{"start":{},"end":{}}],"line":49},"6":{"loc":{"start":{"line":75,"column":2},"end":{"line":75,"column":29}},"type":"if","locations":[{"start":{"line":75,"column":2},"end":{"line":75,"column":29}},{"start":{},"end":{}}],"line":75},"7":{"loc":{"start":{"line":78,"column":4},"end":{"line":80,"column":5}},"type":"if","locations":[{"start":{"line":78,"column":4},"end":{"line":80,"column":5}},{"start":{},"end":{}}],"line":78},"8":{"loc":{"start":{"line":91,"column":9},"end":{"line":91,"column":42}},"type":"binary-expr","locations":[{"start":{"line":91,"column":9},"end":{"line":91,"column":34}},{"start":{"line":91,"column":38},"end":{"line":91,"column":42}}],"line":91}},"s":{"0":0,"1":0,"2":0,"3":0,"4":0,"5":0,"6":0,"7":0,"8":0,"9":0,"10":0,"11":0,"12":0,"13":0,"14":0,"15":0,"16":0,"17":0,"18":0,"19":0,"20":0,"21":0,"22":0,"23":0,"24":0,"25":0,"26":0,"27":0,"28":0,"29":0,"30":0,"31":0,"32":0},"f":{"0":0,"1":0,"2":0,"3":0,"4":0,"5":0,"6":0,"7":0,"8":0},"b":{"0":[0,0],"1":[0,0],"2":[0,0],"3":[0,0],"4":[0,0],"5":[0,0],"6":[0,0],"7":[0,0],"8":[0,0]}}
,"D:\\tools\\my-chat\\socket\\handlers\\chatMessage.js": {"path":"D:\\tools\\my-chat\\socket\\handlers\\chatMessage.js","statementMap":{"0":{"start":{"line":22,"column":67},"end":{"line":22,"column":96}},"1":{"start":{"line":26,"column":2},"end":{"line":74,"column":5}},"2":{"start":{"line":27,"column":4},"end":{"line":73,"column":5}},"3":{"start":{"line":29,"column":6},"end":{"line":29,"column":69}},"4":{"start":{"line":29,"column":62},"end":{"line":29,"column":69}},"5":{"start":{"line":33,"column":30},"end":{"line":33,"column":67}},"6":{"start":{"line":34,"column":6},"end":{"line":36,"column":7}},"7":{"start":{"line":35,"column":8},"end":{"line":35,"column":88}},"8":{"start":{"line":40,"column":23},"end":{"line":40,"column":88}},"9":{"start":{"line":41,"column":22},"end":{"line":41,"column":49}},"10":{"start":{"line":42,"column":23},"end":{"line":42,"column":48}},"11":{"start":{"line":43,"column":30},"end":{"line":43,"column":62}},"12":{"start":{"line":44,"column":28},"end":{"line":44,"column":59}},"13":{"start":{"line":47,"column":18},"end":{"line":47,"column":28}},"14":{"start":{"line":48,"column":22},"end":{"line":56,"column":8}},"15":{"start":{"line":61,"column":18},"end":{"line":63,"column":58}},"16":{"start":{"line":67,"column":6},"end":{"line":67,"column":64}},"17":{"start":{"line":70,"column":6},"end":{"line":70,"column":35}},"18":{"start":{"line":72,"column":6},"end":{"line":72,"column":73}},"19":{"start":{"line":77,"column":0},"end":{"line":77,"column":36}}},"fnMap":{"0":{"name":"chatMessageHandler","decl":{"start":{"line":24,"column":9},"end":{"line":24,"column":27}},"loc":{"start":{"line":24,"column":90},"end":{"line":75,"column":1}},"line":24},"1":{"name":"(anonymous_1)","decl":{"start":{"line":26,"column":28},"end":{"line":26,"column":29}},"loc":{"start":{"line":26,"column":52},"end":{"line":74,"column":3}},"line":26}},"branchMap":{"0":{"loc":{"start":{"line":29,"column":6},"end":{"line":29,"column":69}},"type":"if","locations":[{"start":{"line":29,"column":6},"end":{"line":29,"column":69}},{"start":{},"end":{}}],"line":29},"1":{"loc":{"start":{"line":29,"column":10},"end":{"line":29,"column":60}},"type":"binary-expr","locations":[{"start":{"line":29,"column":10},"end":{"line":29,"column":35}},{"start":{"line":29,"column":39},"end":{"line":29,"column":60}}],"line":29},"2":{"loc":{"start":{"line":34,"column":6},"end":{"line":36,"column":7}},"type":"if","locations":[{"start":{"line":34,"column":6},"end":{"line":36,"column":7}},{"start":{},"end":{}}],"line":34},"3":{"loc":{"start":{"line":40,"column":23},"end":{"line":40,"column":88}},"type":"cond-expr","locations":[{"start":{"line":40,"column":53},"end":{"line":40,"column":70}},{"start":{"line":40,"column":74},"end":{"line":40,"column":87}}],"line":40},"4":{"loc":{"start":{"line":40,"column":74},"end":{"line":40,"column":87}},"type":"binary-expr","locations":[{"start":{"line":40,"column":74},"end":{"line":40,"column":81}},{"start":{"line":40,"column":85},"end":{"line":40,"column":87}}],"line":40},"5":{"loc":{"start":{"line":41,"column":29},"end":{"line":41,"column":48}},"type":"binary-expr","locations":[{"start":{"line":41,"column":29},"end":{"line":41,"column":42}},{"start":{"line":41,"column":46},"end":{"line":41,"column":48}}],"line":41},"6":{"loc":{"start":{"line":42,"column":23},"end":{"line":42,"column":48}},"type":"binary-expr","locations":[{"start":{"line":42,"column":23},"end":{"line":42,"column":40}},{"start":{"line":42,"column":44},"end":{"line":42,"column":48}}],"line":42},"7":{"loc":{"start":{"line":43,"column":30},"end":{"line":43,"column":62}},"type":"binary-expr","locations":[{"start":{"line":43,"column":30},"end":{"line":43,"column":54}},{"start":{"line":43,"column":58},"end":{"line":43,"column":62}}],"line":43},"8":{"loc":{"start":{"line":44,"column":28},"end":{"line":44,"column":59}},"type":"binary-expr","locations":[{"start":{"line":44,"column":28},"end":{"line":44,"column":50}},{"start":{"line":44,"column":54},"end":{"line":44,"column":59}}],"line":44},"9":{"loc":{"start":{"line":61,"column":18},"end":{"line":63,"column":58}},"type":"cond-expr","locations":[{"start":{"line":62,"column":10},"end":{"line":62,"column":68}},{"start":{"line":63,"column":10},"end":{"line":63,"column":58}}],"line":61}},"s":{"0":1,"1":12,"2":12,"3":12,"4":2,"5":10,"6":10,"7":1,"8":9,"9":9,"10":9,"11":9,"12":9,"13":9,"14":9,"15":8,"16":8,"17":8,"18":1,"19":1},"f":{"0":12,"1":12},"b":{"0":[2,10],"1":[12,11],"2":[1,9],"3":[5,4],"4":[4,1],"5":[9,1],"6":[9,7],"7":[9,8],"8":[9,8],"9":[2,6]},"_coverageSchema":"1a1c01bbd47fc00a2c39e90264f33305004495a9","hash":"d1c70de92e935fedcbbe495f2d34251a2bc732aa"}
,"D:\\tools\\my-chat\\socket\\handlers\\getRoomInfo.js": {"path":"D:\\tools\\my-chat\\socket\\handlers\\getRoomInfo.js","statementMap":{"0":{"start":{"line":4,"column":67},"end":{"line":4,"column":96}},"1":{"start":{"line":14,"column":2},"end":{"line":28,"column":5}},"2":{"start":{"line":15,"column":4},"end":{"line":27,"column":5}},"3":{"start":{"line":16,"column":6},"end":{"line":18,"column":7}},"4":{"start":{"line":17,"column":8},"end":{"line":17,"column":73}},"5":{"start":{"line":19,"column":19},"end":{"line":19,"column":61}},"6":{"start":{"line":20,"column":30},"end":{"line":23,"column":60}},"7":{"start":{"line":24,"column":6},"end":{"line":24,"column":60}},"8":{"start":{"line":26,"column":6},"end":{"line":26,"column":74}},"9":{"start":{"line":31,"column":0},"end":{"line":31,"column":36}}},"fnMap":{"0":{"name":"getRoomInfoHandler","decl":{"start":{"line":13,"column":9},"end":{"line":13,"column":27}},"loc":{"start":{"line":13,"column":57},"end":{"line":29,"column":1}},"line":13},"1":{"name":"(anonymous_1)","decl":{"start":{"line":14,"column":29},"end":{"line":14,"column":30}},"loc":{"start":{"line":14,"column":53},"end":{"line":28,"column":3}},"line":14}},"branchMap":{"0":{"loc":{"start":{"line":16,"column":6},"end":{"line":18,"column":7}},"type":"if","locations":[{"start":{"line":16,"column":6},"end":{"line":18,"column":7}},{"start":{},"end":{}}],"line":16},"1":{"loc":{"start":{"line":20,"column":30},"end":{"line":23,"column":60}},"type":"cond-expr","locations":[{"start":{"line":20,"column":37},"end":{"line":23,"column":7}},{"start":{"line":23,"column":10},"end":{"line":23,"column":60}}],"line":20}},"s":{"0":0,"1":0,"2":0,"3":0,"4":0,"5":0,"6":0,"7":0,"8":0,"9":0},"f":{"0":0,"1":0},"b":{"0":[0,0],"1":[0,0]}}
,"D:\\tools\\my-chat\\socket\\handlers\\joinRoom.js": {"path":"D:\\tools\\my-chat\\socket\\handlers\\joinRoom.js","statementMap":{"0":{"start":{"line":24,"column":67},"end":{"line":24,"column":96}},"1":{"start":{"line":30,"column":2},"end":{"line":164,"column":5}},"2":{"start":{"line":31,"column":4},"end":{"line":163,"column":5}},"3":{"start":{"line":32,"column":21},"end":{"line":32,"column":57}},"4":{"start":{"line":33,"column":19},"end":{"line":33,"column":57}},"5":{"start":{"line":34,"column":23},"end":{"line":34,"column":48}},"6":{"start":{"line":36,"column":6},"end":{"line":38,"column":7}},"7":{"start":{"line":37,"column":8},"end":{"line":37,"column":92}},"8":{"start":{"line":41,"column":23},"end":{"line":41,"column":52}},"9":{"start":{"line":45,"column":17},"end":{"line":45,"column":41}},"10":{"start":{"line":46,"column":6},"end":{"line":70,"column":7}},"11":{"start":{"line":47,"column":26},"end":{"line":47,"column":54}},"12":{"start":{"line":50,"column":8},"end":{"line":60,"column":9}},"13":{"start":{"line":52,"column":10},"end":{"line":56,"column":11}},"14":{"start":{"line":53,"column":12},"end":{"line":53,"column":50}},"15":{"start":{"line":55,"column":12},"end":{"line":55,"column":49}},"16":{"start":{"line":57,"column":10},"end":{"line":57,"column":80}},"17":{"start":{"line":59,"column":10},"end":{"line":59,"column":42}},"18":{"start":{"line":62,"column":8},"end":{"line":69,"column":9}},"19":{"start":{"line":63,"column":10},"end":{"line":65,"column":11}},"20":{"start":{"line":64,"column":12},"end":{"line":64,"column":92}},"21":{"start":{"line":66,"column":10},"end":{"line":68,"column":11}},"22":{"start":{"line":67,"column":12},"end":{"line":67,"column":90}},"23":{"start":{"line":73,"column":29},"end":{"line":73,"column":75}},"24":{"start":{"line":75,"column":6},"end":{"line":97,"column":7}},"25":{"start":{"line":77,"column":26},"end":{"line":77,"column":66}},"26":{"start":{"line":78,"column":8},"end":{"line":96,"column":9}},"27":{"start":{"line":80,"column":10},"end":{"line":80,"column":70}},"28":{"start":{"line":83,"column":26},"end":{"line":87,"column":12}},"29":{"start":{"line":84,"column":12},"end":{"line":86,"column":15}},"30":{"start":{"line":85,"column":14},"end":{"line":85,"column":45}},"31":{"start":{"line":88,"column":10},"end":{"line":95,"column":11}},"32":{"start":{"line":90,"column":12},"end":{"line":90,"column":82}},"33":{"start":{"line":93,"column":12},"end":{"line":93,"column":68}},"34":{"start":{"line":94,"column":12},"end":{"line":94,"column":39}},"35":{"start":{"line":101,"column":27},"end":{"line":101,"column":51}},"36":{"start":{"line":102,"column":6},"end":{"line":107,"column":7}},"37":{"start":{"line":103,"column":8},"end":{"line":103,"column":47}},"38":{"start":{"line":104,"column":13},"end":{"line":107,"column":7}},"39":{"start":{"line":106,"column":8},"end":{"line":106,"column":67}},"40":{"start":{"line":111,"column":6},"end":{"line":111,"column":32}},"41":{"start":{"line":114,"column":6},"end":{"line":114,"column":40}},"42":{"start":{"line":115,"column":6},"end":{"line":115,"column":34}},"43":{"start":{"line":118,"column":6},"end":{"line":118,"column":65}},"44":{"start":{"line":121,"column":20},"end":{"line":121,"column":74}},"45":{"start":{"line":124,"column":6},"end":{"line":141,"column":7}},"46":{"start":{"line":124,"column":19},"end":{"line":124,"column":20}},"47":{"start":{"line":125,"column":24},"end":{"line":125,"column":34}},"48":{"start":{"line":126,"column":21},"end":{"line":126,"column":60}},"49":{"start":{"line":127,"column":8},"end":{"line":140,"column":9}},"50":{"start":{"line":129,"column":27},"end":{"line":132,"column":12}},"51":{"start":{"line":133,"column":10},"end":{"line":139,"column":12}},"52":{"start":{"line":144,"column":23},"end":{"line":144,"column":47}},"53":{"start":{"line":146,"column":34},"end":{"line":149,"column":42}},"54":{"start":{"line":152,"column":6},"end":{"line":152,"column":38}},"55":{"start":{"line":153,"column":6},"end":{"line":153,"column":52}},"56":{"start":{"line":156,"column":20},"end":{"line":156,"column":46}},"57":{"start":{"line":157,"column":6},"end":{"line":157,"column":46}},"58":{"start":{"line":160,"column":6},"end":{"line":160,"column":35}},"59":{"start":{"line":162,"column":6},"end":{"line":162,"column":70}},"60":{"start":{"line":167,"column":0},"end":{"line":167,"column":33}}},"fnMap":{"0":{"name":"joinRoomHandler","decl":{"start":{"line":26,"column":9},"end":{"line":26,"column":24}},"loc":{"start":{"line":26,"column":85},"end":{"line":165,"column":1}},"line":26},"1":{"name":"(anonymous_1)","decl":{"start":{"line":30,"column":25},"end":{"line":30,"column":26}},"loc":{"start":{"line":30,"column":49},"end":{"line":164,"column":3}},"line":30},"2":{"name":"(anonymous_2)","decl":{"start":{"line":83,"column":44},"end":{"line":83,"column":45}},"loc":{"start":{"line":83,"column":57},"end":{"line":87,"column":11}},"line":83},"3":{"name":"(anonymous_3)","decl":{"start":{"line":84,"column":56},"end":{"line":84,"column":57}},"loc":{"start":{"line":84,"column":71},"end":{"line":86,"column":13}},"line":84}},"branchMap":{"0":{"loc":{"start":{"line":32,"column":28},"end":{"line":32,"column":49}},"type":"binary-expr","locations":[{"start":{"line":32,"column":28},"end":{"line":32,"column":43}},{"start":{"line":32,"column":47},"end":{"line":32,"column":49}}],"line":32},"1":{"loc":{"start":{"line":33,"column":26},"end":{"line":33,"column":49}},"type":"binary-expr","locations":[{"start":{"line":33,"column":26},"end":{"line":33,"column":43}},{"start":{"line":33,"column":47},"end":{"line":33,"column":49}}],"line":33},"2":{"loc":{"start":{"line":34,"column":23},"end":{"line":34,"column":48}},"type":"binary-expr","locations":[{"start":{"line":34,"column":23},"end":{"line":34,"column":40}},{"start":{"line":34,"column":44},"end":{"line":34,"column":48}}],"line":34},"3":{"loc":{"start":{"line":36,"column":6},"end":{"line":38,"column":7}},"type":"if","locations":[{"start":{"line":36,"column":6},"end":{"line":38,"column":7}},{"start":{},"end":{}}],"line":36},"4":{"loc":{"start":{"line":36,"column":10},"end":{"line":36,"column":26}},"type":"binary-expr","locations":[{"start":{"line":36,"column":10},"end":{"line":36,"column":17}},{"start":{"line":36,"column":21},"end":{"line":36,"column":26}}],"line":36},"5":{"loc":{"start":{"line":46,"column":6},"end":{"line":70,"column":7}},"type":"if","locations":[{"start":{"line":46,"column":6},"end":{"line":70,"column":7}},{"start":{},"end":{}}],"line":46},"6":{"loc":{"start":{"line":47,"column":26},"end":{"line":47,"column":54}},"type":"cond-expr","locations":[{"start":{"line":47,"column":37},"end":{"line":47,"column":50}},{"start":{"line":47,"column":53},"end":{"line":47,"column":54}}],"line":47},"7":{"loc":{"start":{"line":50,"column":8},"end":{"line":60,"column":9}},"type":"if","locations":[{"start":{"line":50,"column":8},"end":{"line":60,"column":9}},{"start":{},"end":{}}],"line":50},"8":{"loc":{"start":{"line":50,"column":12},"end":{"line":50,"column":69}},"type":"binary-expr","locations":[{"start":{"line":50,"column":12},"end":{"line":50,"column":27}},{"start":{"line":50,"column":32},"end":{"line":50,"column":45}},{"start":{"line":50,"column":49},"end":{"line":50,"column":68}}],"line":50},"9":{"loc":{"start":{"line":52,"column":10},"end":{"line":56,"column":11}},"type":"if","locations":[{"start":{"line":52,"column":10},"end":{"line":56,"column":11}},{"start":{"line":54,"column":17},"end":{"line":56,"column":11}}],"line":52},"10":{"loc":{"start":{"line":62,"column":8},"end":{"line":69,"column":9}},"type":"if","locations":[{"start":{"line":62,"column":8},"end":{"line":69,"column":9}},{"start":{},"end":{}}],"line":62},"11":{"loc":{"start":{"line":63,"column":10},"end":{"line":65,"column":11}},"type":"if","locations":[{"start":{"line":63,"column":10},"end":{"line":65,"column":11}},{"start":{},"end":{}}],"line":63},"12":{"loc":{"start":{"line":66,"column":10},"end":{"line":68,"column":11}},"type":"if","locations":[{"start":{"line":66,"column":10},"end":{"line":68,"column":11}},{"start":{},"end":{}}],"line":66},"13":{"loc":{"start":{"line":75,"column":6},"end":{"line":97,"column":7}},"type":"if","locations":[{"start":{"line":75,"column":6},"end":{"line":97,"column":7}},{"start":{},"end":{}}],"line":75},"14":{"loc":{"start":{"line":78,"column":8},"end":{"line":96,"column":9}},"type":"if","locations":[{"start":{"line":78,"column":8},"end":{"line":96,"column":9}},{"start":{"line":81,"column":15},"end":{"line":96,"column":9}}],"line":78},"15":{"loc":{"start":{"line":85,"column":22},"end":{"line":85,"column":43}},"type":"binary-expr","locations":[{"start":{"line":85,"column":22},"end":{"line":85,"column":26}},{"start":{"line":85,"column":30},"end":{"line":85,"column":43}}],"line":85},"16":{"loc":{"start":{"line":88,"column":10},"end":{"line":95,"column":11}},"type":"if","locations":[{"start":{"line":88,"column":10},"end":{"line":95,"column":11}},{"start":{"line":91,"column":17},"end":{"line":95,"column":11}}],"line":88},"17":{"loc":{"start":{"line":102,"column":6},"end":{"line":107,"column":7}},"type":"if","locations":[{"start":{"line":102,"column":6},"end":{"line":107,"column":7}},{"start":{"line":104,"column":13},"end":{"line":107,"column":7}}],"line":102},"18":{"loc":{"start":{"line":104,"column":13},"end":{"line":107,"column":7}},"type":"if","locations":[{"start":{"line":104,"column":13},"end":{"line":107,"column":7}},{"start":{},"end":{}}],"line":104},"19":{"loc":{"start":{"line":127,"column":8},"end":{"line":140,"column":9}},"type":"if","locations":[{"start":{"line":127,"column":8},"end":{"line":140,"column":9}},{"start":{},"end":{}}],"line":127},"20":{"loc":{"start":{"line":146,"column":34},"end":{"line":149,"column":42}},"type":"cond-expr","locations":[{"start":{"line":146,"column":45},"end":{"line":149,"column":7}},{"start":{"line":149,"column":10},"end":{"line":149,"column":42}}],"line":146}},"s":{"0":0,"1":0,"2":0,"3":0,"4":0,"5":0,"6":0,"7":0,"8":0,"9":0,"10":0,"11":0,"12":0,"13":0,"14":0,"15":0,"16":0,"17":0,"18":0,"19":0,"20":0,"21":0,"22":0,"23":0,"24":0,"25":0,"26":0,"27":0,"28":0,"29":0,"30":0,"31":0,"32":0,"33":0,"34":0,"35":0,"36":0,"37":0,"38":0,"39":0,"40":0,"41":0,"42":0,"43":0,"44":0,"45":0,"46":0,"47":0,"48":0,"49":0,"50":0,"51":0,"52":0,"53":0,"54":0,"55":0,"56":0,"57":0,"58":0,"59":0,"60":0},"f":{"0":0,"1":0,"2":0,"3":0},"b":{"0":[0,0],"1":[0,0],"2":[0,0],"3":[0,0],"4":[0,0],"5":[0,0],"6":[0,0],"7":[0,0],"8":[0,0,0],"9":[0,0],"10":[0,0],"11":[0,0],"12":[0,0],"13":[0,0],"14":[0,0],"15":[0,0],"16":[0,0],"17":[0,0],"18":[0,0],"19":[0,0],"20":[0,0]}}
,"D:\\tools\\my-chat\\socket\\handlers\\leaveRoom.js": {"path":"D:\\tools\\my-chat\\socket\\handlers\\leaveRoom.js","statementMap":{"0":{"start":{"line":14,"column":2},"end":{"line":24,"column":5}},"1":{"start":{"line":16,"column":4},"end":{"line":21,"column":5}},"2":{"start":{"line":17,"column":6},"end":{"line":17,"column":77}},"3":{"start":{"line":19,"column":20},"end":{"line":19,"column":64}},"4":{"start":{"line":20,"column":6},"end":{"line":20,"column":64}},"5":{"start":{"line":22,"column":4},"end":{"line":22,"column":36}},"6":{"start":{"line":23,"column":4},"end":{"line":23,"column":32}},"7":{"start":{"line":27,"column":0},"end":{"line":27,"column":34}}},"fnMap":{"0":{"name":"leaveRoomHandler","decl":{"start":{"line":13,"column":9},"end":{"line":13,"column":25}},"loc":{"start":{"line":13,"column":70},"end":{"line":25,"column":1}},"line":13},"1":{"name":"(anonymous_1)","decl":{"start":{"line":14,"column":26},"end":{"line":14,"column":27}},"loc":{"start":{"line":14,"column":32},"end":{"line":24,"column":3}},"line":14}},"branchMap":{"0":{"loc":{"start":{"line":16,"column":4},"end":{"line":21,"column":5}},"type":"if","locations":[{"start":{"line":16,"column":4},"end":{"line":21,"column":5}},{"start":{},"end":{}}],"line":16}},"s":{"0":0,"1":0,"2":0,"3":0,"4":0,"5":0,"6":0,"7":0},"f":{"0":0,"1":0},"b":{"0":[0,0]}}
,"D:\\tools\\my-chat\\socket\\handlers\\poll.js": {"path":"D:\\tools\\my-chat\\socket\\handlers\\poll.js","statementMap":{"0":{"start":{"line":18,"column":67},"end":{"line":18,"column":96}},"1":{"start":{"line":30,"column":2},"end":{"line":115,"column":5}},"2":{"start":{"line":31,"column":4},"end":{"line":114,"column":5}},"3":{"start":{"line":33,"column":6},"end":{"line":35,"column":7}},"4":{"start":{"line":34,"column":8},"end":{"line":34,"column":75}},"5":{"start":{"line":37,"column":43},"end":{"line":37,"column":56}},"6":{"start":{"line":40,"column":6},"end":{"line":42,"column":7}},"7":{"start":{"line":41,"column":8},"end":{"line":41,"column":79}},"8":{"start":{"line":44,"column":6},"end":{"line":46,"column":7}},"9":{"start":{"line":45,"column":8},"end":{"line":45,"column":87}},"10":{"start":{"line":49,"column":27},"end":{"line":49,"column":29}},"11":{"start":{"line":50,"column":6},"end":{"line":63,"column":7}},"12":{"start":{"line":50,"column":19},"end":{"line":50,"column":20}},"13":{"start":{"line":51,"column":27},"end":{"line":51,"column":58}},"14":{"start":{"line":52,"column":8},"end":{"line":54,"column":9}},"15":{"start":{"line":53,"column":10},"end":{"line":53,"column":87}},"16":{"start":{"line":55,"column":8},"end":{"line":57,"column":9}},"17":{"start":{"line":56,"column":10},"end":{"line":56,"column":96}},"18":{"start":{"line":59,"column":8},"end":{"line":61,"column":9}},"19":{"start":{"line":60,"column":10},"end":{"line":60,"column":81}},"20":{"start":{"line":62,"column":8},"end":{"line":62,"column":38}},"21":{"start":{"line":66,"column":31},"end":{"line":66,"column":35}},"22":{"start":{"line":67,"column":6},"end":{"line":72,"column":7}},"23":{"start":{"line":68,"column":8},"end":{"line":68,"column":47}},"24":{"start":{"line":69,"column":8},"end":{"line":71,"column":9}},"25":{"start":{"line":70,"column":10},"end":{"line":70,"column":85}},"26":{"start":{"line":75,"column":18},"end":{"line":75,"column":28}},"27":{"start":{"line":76,"column":22},"end":{"line":84,"column":8}},"28":{"start":{"line":87,"column":19},"end":{"line":91,"column":8}},"29":{"start":{"line":94,"column":23},"end":{"line":94,"column":62}},"30":{"start":{"line":97,"column":18},"end":{"line":101,"column":7}},"31":{"start":{"line":104,"column":6},"end":{"line":104,"column":64}},"32":{"start":{"line":107,"column":6},"end":{"line":110,"column":10}},"33":{"start":{"line":112,"column":6},"end":{"line":112,"column":39}},"34":{"start":{"line":113,"column":6},"end":{"line":113,"column":72}},"35":{"start":{"line":125,"column":2},"end":{"line":199,"column":5}},"36":{"start":{"line":126,"column":4},"end":{"line":198,"column":5}},"37":{"start":{"line":128,"column":6},"end":{"line":130,"column":7}},"38":{"start":{"line":129,"column":8},"end":{"line":129,"column":75}},"39":{"start":{"line":132,"column":35},"end":{"line":132,"column":48}},"40":{"start":{"line":135,"column":6},"end":{"line":137,"column":7}},"41":{"start":{"line":136,"column":8},"end":{"line":136,"column":84}},"42":{"start":{"line":140,"column":24},"end":{"line":140,"column":54}},"43":{"start":{"line":141,"column":6},"end":{"line":143,"column":7}},"44":{"start":{"line":142,"column":8},"end":{"line":142,"column":74}},"45":{"start":{"line":146,"column":19},"end":{"line":146,"column":50}},"46":{"start":{"line":147,"column":6},"end":{"line":149,"column":7}},"47":{"start":{"line":148,"column":8},"end":{"line":148,"column":76}},"48":{"start":{"line":152,"column":27},"end":{"line":152,"column":72}},"49":{"start":{"line":152,"column":52},"end":{"line":152,"column":71}},"50":{"start":{"line":153,"column":6},"end":{"line":155,"column":7}},"51":{"start":{"line":154,"column":8},"end":{"line":154,"column":78}},"52":{"start":{"line":158,"column":25},"end":{"line":161,"column":8}},"53":{"start":{"line":163,"column":6},"end":{"line":165,"column":7}},"54":{"start":{"line":164,"column":8},"end":{"line":164,"column":91}},"55":{"start":{"line":168,"column":29},"end":{"line":168,"column":60}},"56":{"start":{"line":171,"column":24},"end":{"line":171,"column":61}},"57":{"start":{"line":174,"column":23},"end":{"line":174,"column":31}},"58":{"start":{"line":177,"column":26},"end":{"line":183,"column":7}},"59":{"start":{"line":186,"column":6},"end":{"line":186,"column":72}},"60":{"start":{"line":189,"column":6},"end":{"line":194,"column":10}},"61":{"start":{"line":196,"column":6},"end":{"line":196,"column":37}},"62":{"start":{"line":197,"column":6},"end":{"line":197,"column":65}},"63":{"start":{"line":208,"column":2},"end":{"line":238,"column":5}},"64":{"start":{"line":209,"column":4},"end":{"line":237,"column":5}},"65":{"start":{"line":210,"column":25},"end":{"line":210,"column":38}},"66":{"start":{"line":212,"column":6},"end":{"line":214,"column":7}},"67":{"start":{"line":213,"column":8},"end":{"line":213,"column":79}},"68":{"start":{"line":217,"column":22},"end":{"line":217,"column":53}},"69":{"start":{"line":219,"column":6},"end":{"line":221,"column":7}},"70":{"start":{"line":220,"column":8},"end":{"line":220,"column":76}},"71":{"start":{"line":224,"column":23},"end":{"line":227,"column":8}},"72":{"start":{"line":229,"column":6},"end":{"line":233,"column":10}},"73":{"start":{"line":235,"column":6},"end":{"line":235,"column":41}},"74":{"start":{"line":236,"column":6},"end":{"line":236,"column":77}},"75":{"start":{"line":241,"column":0},"end":{"line":241,"column":29}}},"fnMap":{"0":{"name":"pollHandler","decl":{"start":{"line":20,"column":9},"end":{"line":20,"column":20}},"loc":{"start":{"line":20,"column":70},"end":{"line":239,"column":1}},"line":20},"1":{"name":"(anonymous_1)","decl":{"start":{"line":30,"column":27},"end":{"line":30,"column":28}},"loc":{"start":{"line":30,"column":51},"end":{"line":115,"column":3}},"line":30},"2":{"name":"(anonymous_2)","decl":{"start":{"line":125,"column":20},"end":{"line":125,"column":21}},"loc":{"start":{"line":125,"column":44},"end":{"line":199,"column":3}},"line":125},"3":{"name":"(anonymous_3)","decl":{"start":{"line":152,"column":45},"end":{"line":152,"column":46}},"loc":{"start":{"line":152,"column":52},"end":{"line":152,"column":71}},"line":152},"4":{"name":"(anonymous_4)","decl":{"start":{"line":208,"column":32},"end":{"line":208,"column":33}},"loc":{"start":{"line":208,"column":56},"end":{"line":238,"column":3}},"line":208}},"branchMap":{"0":{"loc":{"start":{"line":33,"column":6},"end":{"line":35,"column":7}},"type":"if","locations":[{"start":{"line":33,"column":6},"end":{"line":35,"column":7}},{"start":{},"end":{}}],"line":33},"1":{"loc":{"start":{"line":33,"column":10},"end":{"line":33,"column":60}},"type":"binary-expr","locations":[{"start":{"line":33,"column":10},"end":{"line":33,"column":35}},{"start":{"line":33,"column":39},"end":{"line":33,"column":60}}],"line":33},"2":{"loc":{"start":{"line":37,"column":43},"end":{"line":37,"column":56}},"type":"binary-expr","locations":[{"start":{"line":37,"column":43},"end":{"line":37,"column":50}},{"start":{"line":37,"column":54},"end":{"line":37,"column":56}}],"line":37},"3":{"loc":{"start":{"line":40,"column":6},"end":{"line":42,"column":7}},"type":"if","locations":[{"start":{"line":40,"column":6},"end":{"line":42,"column":7}},{"start":{},"end":{}}],"line":40},"4":{"loc":{"start":{"line":40,"column":10},"end":{"line":40,"column":71}},"type":"binary-expr","locations":[{"start":{"line":40,"column":10},"end":{"line":40,"column":15}},{"start":{"line":40,"column":19},"end":{"line":40,"column":43}},{"start":{"line":40,"column":47},"end":{"line":40,"column":71}}],"line":40},"5":{"loc":{"start":{"line":44,"column":6},"end":{"line":46,"column":7}},"type":"if","locations":[{"start":{"line":44,"column":6},"end":{"line":46,"column":7}},{"start":{},"end":{}}],"line":44},"6":{"loc":{"start":{"line":44,"column":10},"end":{"line":44,"column":78}},"type":"binary-expr","locations":[{"start":{"line":44,"column":10},"end":{"line":44,"column":33}},{"start":{"line":44,"column":37},"end":{"line":44,"column":55}},{"start":{"line":44,"column":59},"end":{"line":44,"column":78}}],"line":44},"7":{"loc":{"start":{"line":51,"column":34},"end":{"line":51,"column":50}},"type":"binary-expr","locations":[{"start":{"line":51,"column":34},"end":{"line":51,"column":44}},{"start":{"line":51,"column":48},"end":{"line":51,"column":50}}],"line":51},"8":{"loc":{"start":{"line":52,"column":8},"end":{"line":54,"column":9}},"type":"if","locations":[{"start":{"line":52,"column":8},"end":{"line":54,"column":9}},{"start":{},"end":{}}],"line":52},"9":{"loc":{"start":{"line":55,"column":8},"end":{"line":57,"column":9}},"type":"if","locations":[{"start":{"line":55,"column":8},"end":{"line":57,"column":9}},{"start":{},"end":{}}],"line":55},"10":{"loc":{"start":{"line":59,"column":8},"end":{"line":61,"column":9}},"type":"if","locations":[{"start":{"line":59,"column":8},"end":{"line":61,"column":9}},{"start":{},"end":{}}],"line":59},"11":{"loc":{"start":{"line":67,"column":6},"end":{"line":72,"column":7}},"type":"if","locations":[{"start":{"line":67,"column":6},"end":{"line":72,"column":7}},{"start":{},"end":{}}],"line":67},"12":{"loc":{"start":{"line":69,"column":8},"end":{"line":71,"column":9}},"type":"if","locations":[{"start":{"line":69,"column":8},"end":{"line":71,"column":9}},{"start":{},"end":{}}],"line":69},"13":{"loc":{"start":{"line":69,"column":12},"end":{"line":69,"column":73}},"type":"binary-expr","locations":[{"start":{"line":69,"column":12},"end":{"line":69,"column":37}},{"start":{"line":69,"column":41},"end":{"line":69,"column":73}}],"line":69},"14":{"loc":{"start":{"line":128,"column":6},"end":{"line":130,"column":7}},"type":"if","locations":[{"start":{"line":128,"column":6},"end":{"line":130,"column":7}},{"start":{},"end":{}}],"line":128},"15":{"loc":{"start":{"line":128,"column":10},"end":{"line":128,"column":60}},"type":"binary-expr","locations":[{"start":{"line":128,"column":10},"end":{"line":128,"column":35}},{"start":{"line":128,"column":39},"end":{"line":128,"column":60}}],"line":128},"16":{"loc":{"start":{"line":132,"column":35},"end":{"line":132,"column":48}},"type":"binary-expr","locations":[{"start":{"line":132,"column":35},"end":{"line":132,"column":42}},{"start":{"line":132,"column":46},"end":{"line":132,"column":48}}],"line":132},"17":{"loc":{"start":{"line":135,"column":6},"end":{"line":137,"column":7}},"type":"if","locations":[{"start":{"line":135,"column":6},"end":{"line":137,"column":7}},{"start":{},"end":{}}],"line":135},"18":{"loc":{"start":{"line":135,"column":10},"end":{"line":135,"column":30}},"type":"binary-expr","locations":[{"start":{"line":135,"column":10},"end":{"line":135,"column":17}},{"start":{"line":135,"column":21},"end":{"line":135,"column":30}}],"line":135},"19":{"loc":{"start":{"line":141,"column":6},"end":{"line":143,"column":7}},"type":"if","locations":[{"start":{"line":141,"column":6},"end":{"line":143,"column":7}},{"start":{},"end":{}}],"line":141},"20":{"loc":{"start":{"line":147,"column":6},"end":{"line":149,"column":7}},"type":"if","locations":[{"start":{"line":147,"column":6},"end":{"line":149,"column":7}},{"start":{},"end":{}}],"line":147},"21":{"loc":{"start":{"line":147,"column":10},"end":{"line":147,"column":61}},"type":"binary-expr","locations":[{"start":{"line":147,"column":10},"end":{"line":147,"column":15}},{"start":{"line":147,"column":19},"end":{"line":147,"column":32}},{"start":{"line":147,"column":36},"end":{"line":147,"column":61}}],"line":147},"22":{"loc":{"start":{"line":153,"column":6},"end":{"line":155,"column":7}},"type":"if","locations":[{"start":{"line":153,"column":6},"end":{"line":155,"column":7}},{"start":{},"end":{}}],"line":153},"23":{"loc":{"start":{"line":163,"column":6},"end":{"line":165,"column":7}},"type":"if","locations":[{"start":{"line":163,"column":6},"end":{"line":165,"column":7}},{"start":{},"end":{}}],"line":163},"24":{"loc":{"start":{"line":164,"column":62},"end":{"line":164,"column":88}},"type":"binary-expr","locations":[{"start":{"line":164,"column":62},"end":{"line":164,"column":78}},{"start":{"line":164,"column":82},"end":{"line":164,"column":88}}],"line":164},"25":{"loc":{"start":{"line":210,"column":25},"end":{"line":210,"column":38}},"type":"binary-expr","locations":[{"start":{"line":210,"column":25},"end":{"line":210,"column":32}},{"start":{"line":210,"column":36},"end":{"line":210,"column":38}}],"line":210},"26":{"loc":{"start":{"line":212,"column":6},"end":{"line":214,"column":7}},"type":"if","locations":[{"start":{"line":212,"column":6},"end":{"line":214,"column":7}},{"start":{},"end":{}}],"line":212},"27":{"loc":{"start":{"line":219,"column":6},"end":{"line":221,"column":7}},"type":"if","locations":[{"start":{"line":219,"column":6},"end":{"line":221,"column":7}},{"start":{},"end":{}}],"line":219}},"s":{"0":0,"1":0,"2":0,"3":0,"4":0,"5":0,"6":0,"7":0,"8":0,"9":0,"10":0,"11":0,"12":0,"13":0,"14":0,"15":0,"16":0,"17":0,"18":0,"19":0,"20":0,"21":0,"22":0,"23":0,"24":0,"25":0,"26":0,"27":0,"28":0,"29":0,"30":0,"31":0,"32":0,"33":0,"34":0,"35":0,"36":0,"37":0,"38":0,"39":0,"40":0,"41":0,"42":0,"43":0,"44":0,"45":0,"46":0,"47":0,"48":0,"49":0,"50":0,"51":0,"52":0,"53":0,"54":0,"55":0,"56":0,"57":0,"58":0,"59":0,"60":0,"61":0,"62":0,"63":0,"64":0,"65":0,"66":0,"67":0,"68":0,"69":0,"70":0,"71":0,"72":0,"73":0,"74":0,"75":0},"f":{"0":0,"1":0,"2":0,"3":0,"4":0},"b":{"0":[0,0],"1":[0,0],"2":[0,0],"3":[0,0],"4":[0,0,0],"5":[0,0],"6":[0,0,0],"7":[0,0],"8":[0,0],"9":[0,0],"10":[0,0],"11":[0,0],"12":[0,0],"13":[0,0],"14":[0,0],"15":[0,0],"16":[0,0],"17":[0,0],"18":[0,0],"19":[0,0],"20":[0,0],"21":[0,0,0],"22":[0,0],"23":[0,0],"24":[0,0],"25":[0,0],"26":[0,0],"27":[0,0]}}
,"D:\\tools\\my-chat\\socket\\handlers\\updateRoom.js": {"path":"D:\\tools\\my-chat\\socket\\handlers\\updateRoom.js","statementMap":{"0":{"start":{"line":4,"column":67},"end":{"line":4,"column":96}},"1":{"start":{"line":15,"column":2},"end":{"line":67,"column":5}},"2":{"start":{"line":16,"column":4},"end":{"line":66,"column":5}},"3":{"start":{"line":17,"column":6},"end":{"line":19,"column":7}},"4":{"start":{"line":18,"column":8},"end":{"line":18,"column":73}},"5":{"start":{"line":22,"column":6},"end":{"line":24,"column":7}},"6":{"start":{"line":23,"column":8},"end":{"line":23,"column":91}},"7":{"start":{"line":27,"column":19},"end":{"line":27,"column":61}},"8":{"start":{"line":28,"column":6},"end":{"line":30,"column":7}},"9":{"start":{"line":29,"column":8},"end":{"line":29,"column":83}},"10":{"start":{"line":32,"column":22},"end":{"line":32,"column":24}},"11":{"start":{"line":33,"column":6},"end":{"line":35,"column":7}},"12":{"start":{"line":34,"column":8},"end":{"line":34,"column":65}},"13":{"start":{"line":36,"column":6},"end":{"line":38,"column":7}},"14":{"start":{"line":37,"column":8},"end":{"line":37,"column":79}},"15":{"start":{"line":39,"column":6},"end":{"line":42,"column":7}},"16":{"start":{"line":40,"column":25},"end":{"line":40,"column":62}},"17":{"start":{"line":41,"column":8},"end":{"line":41,"column":44}},"18":{"start":{"line":44,"column":6},"end":{"line":44,"column":61}},"19":{"start":{"line":47,"column":6},"end":{"line":55,"column":7}},"20":{"start":{"line":48,"column":8},"end":{"line":53,"column":9}},"21":{"start":{"line":49,"column":10},"end":{"line":49,"column":66}},"22":{"start":{"line":52,"column":10},"end":{"line":52,"column":65}},"23":{"start":{"line":54,"column":8},"end":{"line":54,"column":93}},"24":{"start":{"line":57,"column":26},"end":{"line":57,"column":68}},"25":{"start":{"line":58,"column":30},"end":{"line":61,"column":60}},"26":{"start":{"line":62,"column":6},"end":{"line":62,"column":73}},"27":{"start":{"line":63,"column":6},"end":{"line":63,"column":60}},"28":{"start":{"line":65,"column":6},"end":{"line":65,"column":72}},"29":{"start":{"line":70,"column":0},"end":{"line":70,"column":35}}},"fnMap":{"0":{"name":"updateRoomHandler","decl":{"start":{"line":14,"column":9},"end":{"line":14,"column":26}},"loc":{"start":{"line":14,"column":60},"end":{"line":68,"column":1}},"line":14},"1":{"name":"(anonymous_1)","decl":{"start":{"line":15,"column":27},"end":{"line":15,"column":28}},"loc":{"start":{"line":15,"column":51},"end":{"line":67,"column":3}},"line":15}},"branchMap":{"0":{"loc":{"start":{"line":17,"column":6},"end":{"line":19,"column":7}},"type":"if","locations":[{"start":{"line":17,"column":6},"end":{"line":19,"column":7}},{"start":{},"end":{}}],"line":17},"1":{"loc":{"start":{"line":22,"column":6},"end":{"line":24,"column":7}},"type":"if","locations":[{"start":{"line":22,"column":6},"end":{"line":24,"column":7}},{"start":{},"end":{}}],"line":22},"2":{"loc":{"start":{"line":22,"column":10},"end":{"line":22,"column":105}},"type":"binary-expr","locations":[{"start":{"line":22,"column":10},"end":{"line":22,"column":42}},{"start":{"line":22,"column":46},"end":{"line":22,"column":76}},{"start":{"line":22,"column":80},"end":{"line":22,"column":105}}],"line":22},"3":{"loc":{"start":{"line":28,"column":6},"end":{"line":30,"column":7}},"type":"if","locations":[{"start":{"line":28,"column":6},"end":{"line":30,"column":7}},{"start":{},"end":{}}],"line":28},"4":{"loc":{"start":{"line":28,"column":10},"end":{"line":28,"column":52}},"type":"binary-expr","locations":[{"start":{"line":28,"column":10},"end":{"line":28,"column":15}},{"start":{"line":28,"column":19},"end":{"line":28,"column":52}}],"line":28},"5":{"loc":{"start":{"line":33,"column":6},"end":{"line":35,"column":7}},"type":"if","locations":[{"start":{"line":33,"column":6},"end":{"line":35,"column":7}},{"start":{},"end":{}}],"line":33},"6":{"loc":{"start":{"line":34,"column":23},"end":{"line":34,"column":64}},"type":"binary-expr","locations":[{"start":{"line":34,"column":23},"end":{"line":34,"column":56}},{"start":{"line":34,"column":60},"end":{"line":34,"column":64}}],"line":34},"7":{"loc":{"start":{"line":34,"column":30},"end":{"line":34,"column":48}},"type":"binary-expr","locations":[{"start":{"line":34,"column":30},"end":{"line":34,"column":42}},{"start":{"line":34,"column":46},"end":{"line":34,"column":48}}],"line":34},"8":{"loc":{"start":{"line":36,"column":6},"end":{"line":38,"column":7}},"type":"if","locations":[{"start":{"line":36,"column":6},"end":{"line":38,"column":7}},{"start":{},"end":{}}],"line":36},"9":{"loc":{"start":{"line":37,"column":30},"end":{"line":37,"column":78}},"type":"binary-expr","locations":[{"start":{"line":37,"column":30},"end":{"line":37,"column":70}},{"start":{"line":37,"column":74},"end":{"line":37,"column":78}}],"line":37},"10":{"loc":{"start":{"line":37,"column":37},"end":{"line":37,"column":62}},"type":"binary-expr","locations":[{"start":{"line":37,"column":37},"end":{"line":37,"column":56}},{"start":{"line":37,"column":60},"end":{"line":37,"column":62}}],"line":37},"11":{"loc":{"start":{"line":39,"column":6},"end":{"line":42,"column":7}},"type":"if","locations":[{"start":{"line":39,"column":6},"end":{"line":42,"column":7}},{"start":{},"end":{}}],"line":39},"12":{"loc":{"start":{"line":40,"column":32},"end":{"line":40,"column":54}},"type":"binary-expr","locations":[{"start":{"line":40,"column":32},"end":{"line":40,"column":48}},{"start":{"line":40,"column":52},"end":{"line":40,"column":54}}],"line":40},"13":{"loc":{"start":{"line":41,"column":27},"end":{"line":41,"column":43}},"type":"binary-expr","locations":[{"start":{"line":41,"column":27},"end":{"line":41,"column":35}},{"start":{"line":41,"column":39},"end":{"line":41,"column":43}}],"line":41},"14":{"loc":{"start":{"line":47,"column":6},"end":{"line":55,"column":7}},"type":"if","locations":[{"start":{"line":47,"column":6},"end":{"line":55,"column":7}},{"start":{},"end":{}}],"line":47},"15":{"loc":{"start":{"line":48,"column":8},"end":{"line":53,"column":9}},"type":"if","locations":[{"start":{"line":48,"column":8},"end":{"line":53,"column":9}},{"start":{"line":50,"column":15},"end":{"line":53,"column":9}}],"line":48},"16":{"loc":{"start":{"line":58,"column":30},"end":{"line":61,"column":60}},"type":"cond-expr","locations":[{"start":{"line":58,"column":44},"end":{"line":61,"column":7}},{"start":{"line":61,"column":10},"end":{"line":61,"column":60}}],"line":58}},"s":{"0":0,"1":0,"2":0,"3":0,"4":0,"5":0,"6":0,"7":0,"8":0,"9":0,"10":0,"11":0,"12":0,"13":0,"14":0,"15":0,"16":0,"17":0,"18":0,"19":0,"20":0,"21":0,"22":0,"23":0,"24":0,"25":0,"26":0,"27":0,"28":0,"29":0},"f":{"0":0,"1":0},"b":{"0":[0,0],"1":[0,0],"2":[0,0,0],"3":[0,0],"4":[0,0],"5":[0,0],"6":[0,0],"7":[0,0],"8":[0,0],"9":[0,0],"10":[0,0],"11":[0,0],"12":[0,0],"13":[0,0],"14":[0,0],"15":[0,0],"16":[0,0]}}
}
