TN:
SF:config\index.js
FN:12,(anonymous_0)
FN:30,(anonymous_1)
FNF:2
FNH:2
FNDA:2,(anonymous_0)
FNDA:2,(anonymous_1)
DA:5,2
DA:10,2
DA:13,2
DA:15,2
DA:16,0
DA:17,0
DA:19,0
DA:20,0
DA:22,0
DA:23,0
DA:26,2
DA:31,2
DA:32,0
DA:34,2
DA:44,2
DA:55,2
DA:69,2
DA:77,2
DA:88,2
DA:96,2
LF:20
LH:13
BRDA:13,0,0,2
BRDA:13,0,1,1
BRDA:15,1,0,0
BRDA:15,1,1,2
BRDA:17,2,0,0
BRDA:17,2,1,0
BRDA:19,3,0,0
BRDA:19,3,1,0
BRDA:19,4,0,0
BRDA:19,4,1,0
BRDA:22,5,0,0
BRDA:22,5,1,0
BRDA:31,6,0,0
BRDA:31,6,1,2
BRDA:31,7,0,2
BRDA:31,7,1,0
BRDA:38,8,0,2
BRDA:38,8,1,2
BRDA:46,9,0,2
BRDA:46,9,1,2
BRF:20
BRH:9
end_of_record
TN:
SF:services\healthReporter.js
FN:15,buildHealthSnapshot
FNF:1
FNH:0
FNDA:0,buildHealthSnapshot
DA:4,0
DA:17,0
DA:18,0
DA:19,0
DA:20,0
DA:21,0
DA:24,0
DA:27,0
DA:30,0
DA:33,0
DA:35,0
DA:64,0
LF:12
LH:0
BRDA:50,0,0,0
BRDA:50,0,1,0
BRF:2
BRH:0
end_of_record
TN:
SF:services\messageService.js
FN:9,detectHighlight
FN:28,saveMessage
FN:52,getRecentMessages
FNF:3
FNH:3
FNDA:17,detectHighlight
FNDA:5,saveMessage
FNDA:3,getRecentMessages
DA:10,17
DA:12,11
DA:13,11
DA:30,5
DA:33,5
DA:42,5
DA:53,3
DA:56,1
LF:8
LH:8
BRDA:10,0,0,6
BRDA:10,0,1,11
BRDA:10,1,0,17
BRDA:10,1,1,14
BRDA:28,2,0,4
BRDA:28,3,0,2
BRDA:30,4,0,5
BRDA:30,4,1,4
BRDA:52,5,0,2
BRF:9
BRH:9
end_of_record
TN:
SF:services\rateLimiter.js
FN:30,initSocket
FN:38,cleanupSocket
FN:56,checkRateLimit
FN:61,(anonymous_3)
FNF:4
FNH:4
FNDA:8,initSocket
FNDA:9,cleanupSocket
FNDA:34,checkRateLimit
FNDA:71,(anonymous_3)
DA:21,1
DA:24,1
DA:31,8
DA:39,9
DA:57,34
DA:58,34
DA:61,71
DA:64,34
DA:65,2
DA:72,32
DA:73,32
DA:75,32
DA:78,1
LF:13
LH:13
BRDA:58,0,0,34
BRDA:58,0,1,1
BRDA:64,1,0,2
BRDA:64,1,1,32
BRF:4
BRH:4
end_of_record
TN:
SF:services\roomState.js
FN:12,getUsers
FN:21,getSnapshot
FN:31,addUser
FN:44,removeUserImmediate
FN:52,(anonymous_4)
FN:73,findSocketIdByNickname
FN:90,getUsersMap
FN:99,hasRoom
FN:107,getRoomCount
FNF:9
FNH:0
FNDA:0,getUsers
FNDA:0,getSnapshot
FNDA:0,addUser
FNDA:0,removeUserImmediate
FNDA:0,(anonymous_4)
FNDA:0,findSocketIdByNickname
FNDA:0,getUsersMap
FNDA:0,hasRoom
FNDA:0,getRoomCount
DA:5,0
DA:13,0
DA:14,0
DA:22,0
DA:32,0
DA:33,0
DA:34,0
DA:45,0
DA:46,0
DA:47,0
DA:48,0
DA:49,0
DA:50,0
DA:52,0
DA:53,0
DA:54,0
DA:55,0
DA:56,0
DA:58,0
DA:62,0
DA:64,0
DA:74,0
DA:75,0
DA:77,0
DA:78,0
DA:79,0
DA:82,0
DA:91,0
DA:100,0
DA:108,0
DA:111,0
LF:31
LH:0
BRDA:13,0,0,0
BRDA:13,0,1,0
BRDA:32,1,0,0
BRDA:32,1,1,0
BRDA:45,2,0,0
BRDA:45,2,1,0
BRDA:47,3,0,0
BRDA:47,3,1,0
BRDA:47,4,0,0
BRDA:47,4,1,0
BRDA:49,5,0,0
BRDA:49,5,1,0
BRDA:75,6,0,0
BRDA:75,6,1,0
BRDA:78,7,0,0
BRDA:78,7,1,0
BRDA:91,8,0,0
BRDA:91,8,1,0
BRF:18
BRH:0
end_of_record
TN:
SF:socket\handlers\chatMessage.js
FN:24,chatMessageHandler
FN:26,(anonymous_1)
FNF:2
FNH:2
FNDA:12,chatMessageHandler
FNDA:12,(anonymous_1)
DA:22,1
DA:26,12
DA:27,12
DA:29,12
DA:33,10
DA:34,10
DA:35,1
DA:40,9
DA:41,9
DA:42,9
DA:43,9
DA:44,9
DA:47,9
DA:48,9
DA:61,8
DA:67,8
DA:70,8
DA:72,1
DA:77,1
LF:19
LH:19
BRDA:29,0,0,2
BRDA:29,0,1,10
BRDA:29,1,0,12
BRDA:29,1,1,11
BRDA:34,2,0,1
BRDA:34,2,1,9
BRDA:40,3,0,5
BRDA:40,3,1,4
BRDA:40,4,0,4
BRDA:40,4,1,1
BRDA:41,5,0,9
BRDA:41,5,1,1
BRDA:42,6,0,9
BRDA:42,6,1,7
BRDA:43,7,0,9
BRDA:43,7,1,8
BRDA:44,8,0,9
BRDA:44,8,1,8
BRDA:61,9,0,2
BRDA:61,9,1,6
BRF:20
BRH:20
end_of_record
TN:
SF:socket\handlers\getRoomInfo.js
FN:13,getRoomInfoHandler
FN:14,(anonymous_1)
FNF:2
FNH:0
FNDA:0,getRoomInfoHandler
FNDA:0,(anonymous_1)
DA:4,0
DA:14,0
DA:15,0
DA:16,0
DA:17,0
DA:19,0
DA:20,0
DA:24,0
DA:26,0
DA:31,0
LF:10
LH:0
BRDA:16,0,0,0
BRDA:16,0,1,0
BRDA:20,1,0,0
BRDA:20,1,1,0
BRF:4
BRH:0
end_of_record
TN:
SF:socket\handlers\joinRoom.js
FN:26,joinRoomHandler
FN:30,(anonymous_1)
FN:83,(anonymous_2)
FN:84,(anonymous_3)
FNF:4
FNH:0
FNDA:0,joinRoomHandler
FNDA:0,(anonymous_1)
FNDA:0,(anonymous_2)
FNDA:0,(anonymous_3)
DA:24,0
DA:30,0
DA:31,0
DA:32,0
DA:33,0
DA:34,0
DA:36,0
DA:37,0
DA:41,0
DA:45,0
DA:46,0
DA:47,0
DA:50,0
DA:52,0
DA:53,0
DA:55,0
DA:57,0
DA:59,0
DA:62,0
DA:63,0
DA:64,0
DA:66,0
DA:67,0
DA:73,0
DA:75,0
DA:77,0
DA:78,0
DA:80,0
DA:83,0
DA:84,0
DA:85,0
DA:88,0
DA:90,0
DA:93,0
DA:94,0
DA:101,0
DA:102,0
DA:103,0
DA:104,0
DA:106,0
DA:111,0
DA:114,0
DA:115,0
DA:118,0
DA:121,0
DA:124,0
DA:125,0
DA:126,0
DA:127,0
DA:129,0
DA:133,0
DA:144,0
DA:146,0
DA:152,0
DA:153,0
DA:156,0
DA:157,0
DA:160,0
DA:162,0
DA:167,0
LF:60
LH:0
BRDA:32,0,0,0
BRDA:32,0,1,0
BRDA:33,1,0,0
BRDA:33,1,1,0
BRDA:34,2,0,0
BRDA:34,2,1,0
BRDA:36,3,0,0
BRDA:36,3,1,0
BRDA:36,4,0,0
BRDA:36,4,1,0
BRDA:46,5,0,0
BRDA:46,5,1,0
BRDA:47,6,0,0
BRDA:47,6,1,0
BRDA:50,7,0,0
BRDA:50,7,1,0
BRDA:50,8,0,0
BRDA:50,8,1,0
BRDA:50,8,2,0
BRDA:52,9,0,0
BRDA:52,9,1,0
BRDA:62,10,0,0
BRDA:62,10,1,0
BRDA:63,11,0,0
BRDA:63,11,1,0
BRDA:66,12,0,0
BRDA:66,12,1,0
BRDA:75,13,0,0
BRDA:75,13,1,0
BRDA:78,14,0,0
BRDA:78,14,1,0
BRDA:85,15,0,0
BRDA:85,15,1,0
BRDA:88,16,0,0
BRDA:88,16,1,0
BRDA:102,17,0,0
BRDA:102,17,1,0
BRDA:104,18,0,0
BRDA:104,18,1,0
BRDA:127,19,0,0
BRDA:127,19,1,0
BRDA:146,20,0,0
BRDA:146,20,1,0
BRF:43
BRH:0
end_of_record
TN:
SF:socket\handlers\leaveRoom.js
FN:13,leaveRoomHandler
FN:14,(anonymous_1)
FNF:2
FNH:0
FNDA:0,leaveRoomHandler
FNDA:0,(anonymous_1)
DA:14,0
DA:16,0
DA:17,0
DA:19,0
DA:20,0
DA:22,0
DA:23,0
DA:27,0
LF:8
LH:0
BRDA:16,0,0,0
BRDA:16,0,1,0
BRF:2
BRH:0
end_of_record
TN:
SF:socket\handlers\poll.js
FN:20,pollHandler
FN:30,(anonymous_1)
FN:125,(anonymous_2)
FN:152,(anonymous_3)
FN:208,(anonymous_4)
FNF:5
FNH:0
FNDA:0,pollHandler
FNDA:0,(anonymous_1)
FNDA:0,(anonymous_2)
FNDA:0,(anonymous_3)
FNDA:0,(anonymous_4)
DA:18,0
DA:30,0
DA:31,0
DA:33,0
DA:34,0
DA:37,0
DA:40,0
DA:41,0
DA:44,0
DA:45,0
DA:49,0
DA:50,0
DA:51,0
DA:52,0
DA:53,0
DA:55,0
DA:56,0
DA:59,0
DA:60,0
DA:62,0
DA:66,0
DA:67,0
DA:68,0
DA:69,0
DA:70,0
DA:75,0
DA:76,0
DA:87,0
DA:94,0
DA:97,0
DA:104,0
DA:107,0
DA:112,0
DA:113,0
DA:125,0
DA:126,0
DA:128,0
DA:129,0
DA:132,0
DA:135,0
DA:136,0
DA:140,0
DA:141,0
DA:142,0
DA:146,0
DA:147,0
DA:148,0
DA:152,0
DA:153,0
DA:154,0
DA:158,0
DA:163,0
DA:164,0
DA:168,0
DA:171,0
DA:174,0
DA:177,0
DA:186,0
DA:189,0
DA:196,0
DA:197,0
DA:208,0
DA:209,0
DA:210,0
DA:212,0
DA:213,0
DA:217,0
DA:219,0
DA:220,0
DA:224,0
DA:229,0
DA:235,0
DA:236,0
DA:241,0
LF:74
LH:0
BRDA:33,0,0,0
BRDA:33,0,1,0
BRDA:33,1,0,0
BRDA:33,1,1,0
BRDA:37,2,0,0
BRDA:37,2,1,0
BRDA:40,3,0,0
BRDA:40,3,1,0
BRDA:40,4,0,0
BRDA:40,4,1,0
BRDA:40,4,2,0
BRDA:44,5,0,0
BRDA:44,5,1,0
BRDA:44,6,0,0
BRDA:44,6,1,0
BRDA:44,6,2,0
BRDA:51,7,0,0
BRDA:51,7,1,0
BRDA:52,8,0,0
BRDA:52,8,1,0
BRDA:55,9,0,0
BRDA:55,9,1,0
BRDA:59,10,0,0
BRDA:59,10,1,0
BRDA:67,11,0,0
BRDA:67,11,1,0
BRDA:69,12,0,0
BRDA:69,12,1,0
BRDA:69,13,0,0
BRDA:69,13,1,0
BRDA:128,14,0,0
BRDA:128,14,1,0
BRDA:128,15,0,0
BRDA:128,15,1,0
BRDA:132,16,0,0
BRDA:132,16,1,0
BRDA:135,17,0,0
BRDA:135,17,1,0
BRDA:135,18,0,0
BRDA:135,18,1,0
BRDA:141,19,0,0
BRDA:141,19,1,0
BRDA:147,20,0,0
BRDA:147,20,1,0
BRDA:147,21,0,0
BRDA:147,21,1,0
BRDA:147,21,2,0
BRDA:153,22,0,0
BRDA:153,22,1,0
BRDA:163,23,0,0
BRDA:163,23,1,0
BRDA:164,24,0,0
BRDA:164,24,1,0
BRDA:210,25,0,0
BRDA:210,25,1,0
BRDA:212,26,0,0
BRDA:212,26,1,0
BRDA:219,27,0,0
BRDA:219,27,1,0
BRF:59
BRH:0
end_of_record
TN:
SF:socket\handlers\updateRoom.js
FN:14,updateRoomHandler
FN:15,(anonymous_1)
FNF:2
FNH:0
FNDA:0,updateRoomHandler
FNDA:0,(anonymous_1)
DA:4,0
DA:15,0
DA:16,0
DA:17,0
DA:18,0
DA:22,0
DA:23,0
DA:27,0
DA:28,0
DA:29,0
DA:32,0
DA:33,0
DA:34,0
DA:36,0
DA:37,0
DA:39,0
DA:40,0
DA:41,0
DA:44,0
DA:47,0
DA:48,0
DA:49,0
DA:52,0
DA:54,0
DA:57,0
DA:58,0
DA:62,0
DA:63,0
DA:65,0
DA:70,0
LF:30
LH:0
BRDA:17,0,0,0
BRDA:17,0,1,0
BRDA:22,1,0,0
BRDA:22,1,1,0
BRDA:22,2,0,0
BRDA:22,2,1,0
BRDA:22,2,2,0
BRDA:28,3,0,0
BRDA:28,3,1,0
BRDA:28,4,0,0
BRDA:28,4,1,0
BRDA:33,5,0,0
BRDA:33,5,1,0
BRDA:34,6,0,0
BRDA:34,6,1,0
BRDA:34,7,0,0
BRDA:34,7,1,0
BRDA:36,8,0,0
BRDA:36,8,1,0
BRDA:37,9,0,0
BRDA:37,9,1,0
BRDA:37,10,0,0
BRDA:37,10,1,0
BRDA:39,11,0,0
BRDA:39,11,1,0
BRDA:40,12,0,0
BRDA:40,12,1,0
BRDA:41,13,0,0
BRDA:41,13,1,0
BRDA:47,14,0,0
BRDA:47,14,1,0
BRDA:48,15,0,0
BRDA:48,15,1,0
BRDA:58,16,0,0
BRDA:58,16,1,0
BRF:35
BRH:0
end_of_record
